[2026-06-10T12:22:28.808Z] === CodespaceTelemetryService Constructor Started ===
[2026-06-10T12:22:28.808Z] Session ID: 1781094148807-n0rrfsxl3j
[2026-06-10T12:22:28.808Z] CODESPACE_NAME: undefined
[2026-06-10T12:22:28.808Z] CODESPACES: undefined
[2026-06-10T12:22:28.808Z] GITHUB_USER: undefined
[2026-06-10T12:22:28.808Z] GITHUB_CODESPACE_TOKEN: NOT SET
[2026-06-10T12:22:28.808Z] NOT IN GENUINE GITHUB CODESPACE - Service disabled
[2026-06-10T12:22:28.808Z]   CODESPACE_NAME: missing
[2026-06-10T12:22:28.808Z]   CODESPACES: missing
[2026-06-10T12:22:28.808Z]   GITHUB_CODESPACE_TOKEN: missing
[2026-06-10T15:57:07.706Z] === CodespaceTelemetryService Constructor Started ===
[2026-06-10T15:57:07.706Z] Session ID: 1781107027706-q6an6w7ay1
[2026-06-10T15:57:07.706Z] CODESPACE_NAME: undefined
[2026-06-10T15:57:07.706Z] CODESPACES: undefined
[2026-06-10T15:57:07.707Z] GITHUB_USER: undefined
[2026-06-10T15:57:07.707Z] GITHUB_CODESPACE_TOKEN: NOT SET
[2026-06-10T15:57:07.707Z] NOT IN GENUINE GITHUB CODESPACE - Service disabled
[2026-06-10T15:57:07.707Z]   CODESPACE_NAME: missing
[2026-06-10T15:57:07.707Z]   CODESPACES: missing
[2026-06-10T15:57:07.707Z]   GITHUB_CODESPACE_TOKEN: missing
[2026-06-10T15:57:25.288Z] === CodespaceTelemetryService Constructor Started ===
[2026-06-10T15:57:25.289Z] Session ID: 1781107045288-fojemns3778
[2026-06-10T15:57:25.289Z] CODESPACE_NAME: undefined
[2026-06-10T15:57:25.289Z] CODESPACES: undefined
[2026-06-10T15:57:25.289Z] GITHUB_USER: undefined
[2026-06-10T15:57:25.289Z] GITHUB_CODESPACE_TOKEN: NOT SET
[2026-06-10T15:57:25.289Z] NOT IN GENUINE GITHUB CODESPACE - Service disabled
[2026-06-10T15:57:25.289Z]   CODESPACE_NAME: missing
[2026-06-10T15:57:25.289Z]   CODESPACES: missing
[2026-06-10T15:57:25.289Z]   GITHUB_CODESPACE_TOKEN: missing
